<?xml version="1.0" encoding="UTF-8"?>
<testng-results skipped="0" failed="0" total="9" passed="9">
  <reporter-output>
  </reporter-output>
  <suite name="AntGame" duration-ms="54034" started-at="2016-05-05T16:24:49Z" finished-at="2016-05-05T16:25:43Z">
    <groups>
    </groups>
    <test name="Tests.AntBrainParserTest" duration-ms="47" started-at="2016-05-05T16:24:49Z" finished-at="2016-05-05T16:24:49Z">
      <class name="Tests.AntBrainParserTest">
        <test-method status="PASS" signature="fullTest()[pri:0, instance:fullTest(Tests.AntBrainParserTest)]" name="fullTest" duration-ms="4" started-at="2016-05-05T17:24:49Z" finished-at="2016-05-05T17:24:49Z">
          <reporter-output>
          </reporter-output>
        </test-method> <!-- fullTest -->
        <test-method status="PASS" signature="falseTest()[pri:0, instance:falseTest(Tests.AntBrainParserTest)]" name="falseTest" duration-ms="0" started-at="2016-05-05T17:24:49Z" finished-at="2016-05-05T17:24:49Z">
          <reporter-output>
          </reporter-output>
        </test-method> <!-- falseTest -->
        <test-method status="PASS" signature="testListMaker()[pri:0, instance:testListMaker(Tests.AntBrainParserTest)]" name="testListMaker" duration-ms="0" started-at="2016-05-05T17:24:49Z" finished-at="2016-05-05T17:24:49Z">
          <reporter-output>
          </reporter-output>
        </test-method> <!-- testListMaker -->
        <test-method status="PASS" signature="firsTest()[pri:0, instance:firsTest(Tests.AntBrainParserTest)]" name="firsTest" duration-ms="0" started-at="2016-05-05T17:24:49Z" finished-at="2016-05-05T17:24:49Z">
          <reporter-output>
          </reporter-output>
        </test-method> <!-- firsTest -->
      </class> <!-- Tests.AntBrainParserTest -->
    </test> <!-- Tests.AntBrainParserTest -->
    <test name="Tests.PlayGameTest" duration-ms="53434" started-at="2016-05-05T16:24:49Z" finished-at="2016-05-05T16:25:42Z">
      <class name="Tests.PlayGameTest">
        <test-method status="PASS" signature="wholeTest()[pri:0, instance:wholeTest(Tests.PlayGameTest)]" name="wholeTest" duration-ms="53433" started-at="2016-05-05T17:24:49Z" finished-at="2016-05-05T17:25:42Z">
          <reporter-output>
          </reporter-output>
        </test-method> <!-- wholeTest -->
      </class> <!-- Tests.PlayGameTest -->
    </test> <!-- Tests.PlayGameTest -->
    <test name="Tests.RandomNumberTest" duration-ms="16" started-at="2016-05-05T16:25:42Z" finished-at="2016-05-05T16:25:42Z">
      <class name="Tests.RandomNumberTest">
        <test-method status="PASS" signature="randomTest()[pri:0, instance:randomTest(Tests.RandomNumberTest)]" name="randomTest" duration-ms="0" started-at="2016-05-05T17:25:42Z" finished-at="2016-05-05T17:25:42Z">
          <reporter-output>
          </reporter-output>
        </test-method> <!-- randomTest -->
      </class> <!-- Tests.RandomNumberTest -->
    </test> <!-- Tests.RandomNumberTest -->
    <test name="TestNG tests" duration-ms="2" started-at="2016-05-05T16:25:42Z" finished-at="2016-05-05T16:25:42Z">
    </test> <!-- TestNG tests -->
    <test name="Tests.WorldParserTest" duration-ms="396" started-at="2016-05-05T16:25:42Z" finished-at="2016-05-05T16:25:43Z">
      <class name="Tests.WorldParserTest">
        <test-method status="PASS" signature="worldParseTest()[pri:0, instance:worldParseTest(Tests.WorldParserTest)]" name="worldParseTest" duration-ms="394" started-at="2016-05-05T17:25:42Z" finished-at="2016-05-05T17:25:43Z">
          <reporter-output>
          </reporter-output>
        </test-method> <!-- worldParseTest -->
      </class> <!-- Tests.WorldParserTest -->
    </test> <!-- Tests.WorldParserTest -->
    <test name="Tests.WorldTest" duration-ms="111" started-at="2016-05-05T16:25:43Z" finished-at="2016-05-05T16:25:43Z">
      <class name="Tests.WorldTest">
        <test-method status="PASS" signature="testRocksOnOutside()[pri:0, instance:testRocksOnOutside(Tests.WorldTest)]" name="testRocksOnOutside" duration-ms="104" started-at="2016-05-05T17:25:43Z" finished-at="2016-05-05T17:25:43Z">
          <reporter-output>
          </reporter-output>
        </test-method> <!-- testRocksOnOutside -->
        <test-method status="PASS" signature="testWorldInput()[pri:0, instance:testWorldInput(Tests.WorldTest)]" name="testWorldInput" duration-ms="5" started-at="2016-05-05T17:25:43Z" finished-at="2016-05-05T17:25:43Z">
          <reporter-output>
          </reporter-output>
        </test-method> <!-- testWorldInput -->
      </class> <!-- Tests.WorldTest -->
    </test> <!-- Tests.WorldTest -->
  </suite> <!-- AntGame -->
</testng-results>
